# "lamda" " 0 " " 5 " " 10 " " 15 " " 20 "
 0.100000 0.000680 0.000680 0.000680 0.000684 0.000803
 0.200000 0.001360 0.001360 0.001360 0.001371 0.001588
 0.300000 0.002040 0.002040 0.002040 0.002069 0.002434
 0.400000 0.002720 0.002720 0.002721 0.002784 0.003361
 0.500000 0.003400 0.003400 0.003404 0.003528 0.004393
 0.600000 0.004080 0.004080 0.004092 0.004317 0.005551
 0.700000 0.004760 0.004760 0.004789 0.005171 0.006859
 0.800000 0.005440 0.005441 0.005506 0.006110 0.008338
 0.900000 0.006120 0.006124 0.006252 0.007160 0.010008
 1.000000 0.006800 0.006812 0.007046 0.008345 0.011883
 1.100000 0.007481 0.007510 0.007907 0.009691 0.013978
 1.200000 0.008162 0.008228 0.008859 0.011223 0.016299
 1.300000 0.008848 0.008978 0.009927 0.012961 0.018851
 1.400000 0.009544 0.009776 0.011140 0.014926 0.021635
 1.500000 0.010261 0.010646 0.012525 0.017132 0.024647
 1.600000 0.011017 0.011611 0.014108 0.019593 0.027878
 1.700000 0.011836 0.012699 0.015916 0.022314 0.031318
 1.800000 0.012753 0.013942 0.017970 0.025301 0.034952
 1.900000 0.013809 0.015368 0.020289 0.028551 0.038765
 2.000000 0.015055 0.017007 0.022889 0.032062 0.042737
 2.100000 0.016543 0.018889 0.025781 0.035824 0.046847
 2.200000 0.018331 0.021038 0.028971 0.039826 0.051073
 2.300000 0.020478 0.023477 0.032462 0.044054 0.055392
 2.400000 0.023038 0.026224 0.036252 0.048491 0.059780
 2.500000 0.026064 0.029295 0.040337 0.053120 0.064214
 2.600000 0.029602 0.032698 0.044708 0.057918 0.068668
 2.700000 0.033692 0.036441 0.049353 0.062865 0.073118
 2.800000 0.038365 0.040524 0.054257 0.067937 0.077542
 2.900000 0.043644 0.044946 0.059405 0.073113 0.081916
 3.000000 0.049543 0.049699 0.064776 0.078368 0.086218
 3.100000 0.056067 0.054776 0.070352 0.083680 0.090427
 3.200000 0.063213 0.060164 0.076111 0.089024 0.094521
 3.300000 0.070970 0.065847 0.082031 0.094377 0.098483
 3.400000 0.079320 0.071810 0.088089 0.099719 0.102293
 3.500000 0.088238 0.078033 0.094262 0.105027 0.105935
 3.600000 0.097694 0.084496 0.100527 0.110280 0.109392
 3.700000 0.107654 0.091178 0.106862 0.115459 0.112651
 3.800000 0.118078 0.098058 0.113245 0.120544 0.115698
 3.900000 0.128924 0.105112 0.119653 0.125519 0.118520
 4.000000 0.140148 0.112318 0.126066 0.130366 0.121107
 4.100000 0.151704 0.119654 0.132464 0.135069 0.123448
 4.200000 0.163545 0.127096 0.138826 0.139615 0.125534
 4.300000 0.175622 0.134624 0.145134 0.143990 0.127358
 4.400000 0.187888 0.142215 0.151371 0.148181 0.128912
 4.500000 0.200296 0.149848 0.157521 0.152177 0.130191
 4.600000 0.212799 0.157504 0.163566 0.155969 0.131190
 4.700000 0.225353 0.165162 0.169494 0.159546 0.131905
 4.800000 0.237913 0.172805 0.175291 0.162901 0.132331
 4.900000 0.250436 0.180415 0.180943 0.166026 0.132467
 5.000000 0.262883 0.187975 0.186440 0.168915 0.132311
 5.100000 0.275214 0.195469 0.191771 0.171562 0.131862
 5.200000 0.287394 0.202883 0.196927 0.173963 0.131118
 5.300000 0.299388 0.210203 0.201898 0.176113 0.130081
 5.400000 0.311162 0.217416 0.206677 0.178009 0.128750
 5.500000 0.322688 0.224509 0.211257 0.179649 0.127127
 5.600000 0.333937 0.231473 0.215631 0.181031 0.125214
 5.700000 0.344883 0.238297 0.219795 0.182153 0.123011
 5.800000 0.355502 0.244972 0.223744 0.183015 0.120523
 5.900000 0.365772 0.251488 0.227473 0.183616 0.117750
 6.000000 0.375674 0.257840 0.230979 0.183956 0.114697
 6.100000 0.385189 0.264019 0.234260 0.184037 0.111367
 6.200000 0.394301 0.270020 0.237313 0.183858 0.107762
 6.300000 0.402995 0.275837 0.240137 0.183422 0.103888
 6.400000 0.411259 0.281466 0.242730 0.182731 0.099748
 6.500000 0.419082 0.286902 0.245092 0.181786 0.095347
 6.600000 0.426453 0.292141 0.247223 0.180590 0.090688
 6.700000 0.433365 0.297182 0.249122 0.179145 0.085776
 6.800000 0.439811 0.302021 0.250791 0.177455 0.080616
 6.900000 0.445785 0.306656 0.252230 0.175523 0.075213
 7.000000 0.451282 0.311086 0.253440 0.173351 0.069571
 7.100000 0.456300 0.315310 0.254423 0.170943 0.063695
 7.200000 0.460836 0.319326 0.255181 0.168304 0.057591
 7.300000 0.464888 0.323136 0.255715 0.165436 0.051263
 7.400000 0.468456 0.326738 0.256028 0.162343 0.044717
 7.500000 0.471541 0.330133 0.256123 0.159030 0.037957
 7.600000 0.474144 0.333321 0.256001 0.155501 0.030989
 7.700000 0.476266 0.336304 0.255666 0.151759 0.023817
 7.800000 0.477911 0.339083 0.255120 0.147809 0.016447
 7.900000 0.479080 0.341659 0.254366 0.143655 0.008884
 8.000000 0.479780 0.344033 0.253409 0.139301 0.001132
 8.100000 0.480012 0.346208 0.252250 0.134752 -0.006803
 8.200000 0.479782 0.348185 0.250893 0.130012 -0.014916
 8.300000 0.479096 0.349967 0.249342 0.125085 -0.023202
 8.400000 0.477958 0.351555 0.247601 0.119976 -0.031657
 8.500000 0.476374 0.352953 0.245671 0.114689 -0.040276
 8.600000 0.474351 0.354162 0.243558 0.109228 -0.049053
 8.700000 0.471894 0.355185 0.241265 0.103598 -0.057985
 8.800000 0.469011 0.356025 0.238795 0.097802 -0.067066
 8.900000 0.465708 0.356685 0.236151 0.091845 -0.076292
 9.000000 0.461993 0.357167 0.233339 0.085732 -0.085658
 9.100000 0.457871 0.357474 0.230361 0.079466 -0.095160
 9.200000 0.453351 0.357610 0.227221 0.073051 -0.104794
 9.300000 0.448441 0.357577 0.223922 0.066492 -0.114555
 9.400000 0.443146 0.357378 0.220469 0.059793 -0.124439
 9.500000 0.437476 0.357016 0.216864 0.052957 -0.134443
 9.600000 0.431437 0.356495 0.213112 0.045988 -0.144560
 9.700000 0.425038 0.355818 0.209216 0.038891 -0.154789
 9.800000 0.418285 0.354986 0.205179 0.031669 -0.165125
 9.900000 0.411186 0.354005 0.201005 0.024326 -0.175563
 10.000000 0.403750 0.352876 0.196698 0.016866 -0.186101
 10.100000 0.395983 0.351602 0.192261 0.009291 -0.196734
 10.200000 0.387894 0.350188 0.187697 0.001607 -0.207459
 10.300000 0.379490 0.348635 0.183010 -0.006184 -0.218273
 10.400000 0.370778 0.346947 0.178202 -0.014078 -0.229171
 10.500000 0.361765 0.345127 0.173278 -0.022073 -0.240151
 10.600000 0.352460 0.343178 0.168240 -0.030163 -0.251209
 10.700000 0.342870 0.341103 0.163092 -0.038347 -0.262342
 10.800000 0.333001 0.338905 0.157837 -0.046621 -0.273547
 10.900000 0.322862 0.336586 0.152477 -0.054983 -0.284820
 11.000000 0.312458 0.334150 0.147016 -0.063427 -0.296159
 11.100000 0.301797 0.331599 0.141457 -0.071953 -0.307560
 11.200000 0.290887 0.328936 0.135803 -0.080557 -0.319021
 11.300000 0.279733 0.326165 0.130056 -0.089236 -0.330539
 11.400000 0.268343 0.323287 0.124219 -0.097987 -0.342112
 11.500000 0.256723 0.320305 0.118296 -0.106807 -0.353735
 11.600000 0.244879 0.317222 0.112288 -0.115694 -0.365408
 11.700000 0.232819 0.314042 0.106199 -0.124646 -0.377126
 11.800000 0.220548 0.310765 0.100031 -0.133659 -0.388889
 11.900000 0.208072 0.307395 0.093787 -0.142731 -0.400693
 12.000000 0.195398 0.303934 0.087469 -0.151859 -0.412536
 12.100000 0.182532 0.300385 0.081079 -0.161042 -0.424415
 12.200000 0.169479 0.296751 0.074621 -0.170276 -0.436329
 12.300000 0.156246 0.293032 0.068096 -0.179560 -0.448275
 12.400000 0.142838 0.289233 0.061506 -0.188891 -0.460252
 12.500000 0.129260 0.285354 0.054855 -0.198268 -0.472256
 12.600000 0.115518 0.281399 0.048143 -0.207687 -0.484286
 12.700000 0.101617 0.277370 0.041374 -0.217147 -0.496340
 12.800000 0.087563 0.273268 0.034550 -0.226646 -0.508417
 12.900000 0.073361 0.269096 0.027672 -0.236182 -0.520513
 13.000000 0.059015 0.264855 0.020742 -0.245752 -0.532628
 13.100000 0.044531 0.260549 0.013763 -0.255356 -0.544759
 13.200000 0.029913 0.256179 0.006736 -0.264991 -0.556906
 13.300000 0.015167 0.251746 -0.000336 -0.274655 -0.569065
 13.400000 0.000296 0.247254 -0.007452 -0.284347 -0.581236
 13.500000 -0.014694 0.242703 -0.014611 -0.294065 -0.593418
 13.600000 -0.029800 0.238095 -0.021809 -0.303807 -0.605607
 13.700000 -0.045017 0.233433 -0.029046 -0.313571 -0.617804
 13.800000 -0.060341 0.228718 -0.036320 -0.323357 -0.630006
 13.900000 -0.075767 0.223952 -0.043629 -0.333162 -0.642212
 14.000000 -0.091292 0.219136 -0.050972 -0.342986 -0.654421
 14.100000 -0.106912 0.214273 -0.058347 -0.352825 -0.666631
 14.200000 -0.122622 0.209363 -0.065752 -0.362681 -0.678842
 14.300000 -0.138420 0.204408 -0.073187 -0.372549 -0.691051
 14.400000 -0.154301 0.199411 -0.080649 -0.382431 -0.703258
 14.500000 -0.170261 0.194372 -0.088137 -0.392323 -0.715461
 14.600000 -0.186298 0.189292 -0.095650 -0.402225 -0.727659
 14.700000 -0.202408 0.184174 -0.103187 -0.412136 -0.739852
 14.800000 -0.218588 0.179019 -0.110746 -0.422054 -0.752038
 14.900000 -0.234834 0.173828 -0.118325 -0.431979 -0.764216
 15.000000 -0.251143 0.168603 -0.125925 -0.441909 -0.776384